2022-04-04 22:46:15.953  INFO 14396 --- [main] d.s.SpringbootGettingStartedApplication  : Starting SpringbootGettingStartedApplication using Java 11.0.12 on DESKTOP-3QT4POV with PID 14396 (C:\Users\tituv\Documents\BASIC-SPRING\springboot-getting-started\target\classes started by tituv in C:\Users\tituv\Documents\BASIC-SPRING\springboot-getting-started)
2022-04-04 22:46:15.955  INFO 14396 --- [main] d.s.SpringbootGettingStartedApplication  : The following 1 profile is active: "prod"
2022-04-04 22:46:16.688  INFO 14396 --- [main] o.s.b.w.embedded.tomcat.TomcatWebServer  : Tomcat initialized with port(s): 8080 (http)
2022-04-04 22:46:16.699  INFO 14396 --- [main] o.apache.catalina.core.StandardService   : Starting service [Tomcat]
2022-04-04 22:46:16.699  INFO 14396 --- [main] org.apache.catalina.core.StandardEngine  : Starting Servlet engine: [Apache Tomcat/9.0.60]
2022-04-04 22:46:16.791  INFO 14396 --- [main] o.a.c.c.C.[Tomcat].[localhost].[/]       : Initializing Spring embedded WebApplicationContext
2022-04-04 22:46:16.791  INFO 14396 --- [main] w.s.c.ServletWebServerApplicationContext : Root WebApplicationContext: initialization completed in 799 ms
2022-04-04 22:46:17.119  INFO 14396 --- [main] o.s.b.w.embedded.tomcat.TomcatWebServer  : Tomcat started on port(s): 8080 (http) with context path ''
2022-04-04 22:46:17.129  INFO 14396 --- [main] d.s.SpringbootGettingStartedApplication  : Started SpringbootGettingStartedApplication in 1.507 seconds (JVM running for 2.171)
2022-04-04 22:47:40.349  INFO 12772 --- [main] d.s.SpringbootGettingStartedApplication  : Starting SpringbootGettingStartedApplication using Java 11.0.12 on DESKTOP-3QT4POV with PID 12772 (C:\Users\tituv\Documents\BASIC-SPRING\springboot-getting-started\target\classes started by tituv in C:\Users\tituv\Documents\BASIC-SPRING\springboot-getting-started)
2022-04-04 22:47:40.352  INFO 12772 --- [main] d.s.SpringbootGettingStartedApplication  : The following 1 profile is active: "prod"
2022-04-04 22:47:41.086  INFO 12772 --- [main] o.s.b.w.embedded.tomcat.TomcatWebServer  : Tomcat initialized with port(s): 8080 (http)
2022-04-04 22:47:41.094  INFO 12772 --- [main] o.apache.catalina.core.StandardService   : Starting service [Tomcat]
2022-04-04 22:47:41.095  INFO 12772 --- [main] org.apache.catalina.core.StandardEngine  : Starting Servlet engine: [Apache Tomcat/9.0.60]
2022-04-04 22:47:41.201  INFO 12772 --- [main] o.a.c.c.C.[Tomcat].[localhost].[/]       : Initializing Spring embedded WebApplicationContext
2022-04-04 22:47:41.202  INFO 12772 --- [main] w.s.c.ServletWebServerApplicationContext : Root WebApplicationContext: initialization completed in 802 ms
2022-04-04 22:47:41.479  INFO 12772 --- [main] o.s.b.w.embedded.tomcat.TomcatWebServer  : Tomcat started on port(s): 8080 (http) with context path ''
2022-04-04 22:47:41.489  INFO 12772 --- [main] d.s.SpringbootGettingStartedApplication  : Started SpringbootGettingStartedApplication in 1.46 seconds (JVM running for 2.086)
2022-04-04 22:47:41.491  INFO 12772 --- [main] d.springbootgettingstarted.SampleRunner  : =============
2022-04-04 22:47:41.491  INFO 12772 --- [main] d.springbootgettingstarted.SampleRunner  : hello = hello
2022-04-04 22:47:41.491  INFO 12772 --- [main] d.springbootgettingstarted.SampleRunner  : name = titu prod
2022-04-04 22:47:41.491  INFO 12772 --- [main] d.springbootgettingstarted.SampleRunner  : fullname = titu prod Kim
2022-04-04 22:47:41.491  INFO 12772 --- [main] d.springbootgettingstarted.SampleRunner  : =============
2022-04-04 22:52:35.892  INFO 21732 --- [main] d.s.SpringbootGettingStartedApplication  : Starting SpringbootGettingStartedApplication using Java 11.0.12 on DESKTOP-3QT4POV with PID 21732 (C:\Users\tituv\Documents\BASIC-SPRING\springboot-getting-started\target\classes started by tituv in C:\Users\tituv\Documents\BASIC-SPRING\springboot-getting-started)
2022-04-04 22:52:35.900  INFO 21732 --- [main] d.s.SpringbootGettingStartedApplication  : The following 1 profile is active: "prod"
2022-04-04 22:52:36.533  INFO 21732 --- [main] o.s.b.w.e.t.TomcatWebServer              : Tomcat initialized with port(s): 8080 (http)
2022-04-04 22:52:36.548  INFO 21732 --- [main] o.a.c.c.StandardService                  : Starting service [Tomcat]
2022-04-04 22:52:36.549  INFO 21732 --- [main] o.a.c.c.StandardEngine                   : Starting Servlet engine: [Apache Tomcat/9.0.60]
2022-04-04 22:52:36.637  INFO 21732 --- [main] o.a.c.c.C.[.[.[/]                        : Initializing Spring embedded WebApplicationContext
2022-04-04 22:52:36.637  INFO 21732 --- [main] w.s.c.ServletWebServerApplicationContext : Root WebApplicationContext: initialization completed in 704 ms
2022-04-04 22:52:36.935  INFO 21732 --- [main] o.s.b.w.e.t.TomcatWebServer              : Tomcat started on port(s): 8080 (http) with context path ''
2022-04-04 22:52:36.957  INFO 21732 --- [main] d.s.SpringbootGettingStartedApplication  : Started SpringbootGettingStartedApplication in 1.516 seconds (JVM running for 2.478)
2022-04-04 22:52:36.959  INFO 21732 --- [main] d.s.SampleRunner                         : =============
2022-04-04 22:52:36.959  INFO 21732 --- [main] d.s.SampleRunner                         : hello = hello
2022-04-04 22:52:36.960  INFO 21732 --- [main] d.s.SampleRunner                         : name = titu prod
2022-04-04 22:52:36.960  INFO 21732 --- [main] d.s.SampleRunner                         : fullname = titu prod Kim
2022-04-04 22:52:36.960  INFO 21732 --- [main] d.s.SampleRunner                         : =============
